*** Starting uWSGI 2.0.17 (64bit) on [Sun Jun 24 17:19:06 2018] ***
compiled with version: 5.4.0 20160609 on 22 June 2018 06:11:57
os: Linux-4.4.0-91-generic #114-Ubuntu SMP Tue Aug 8 11:56:56 UTC 2017
nodename: VM-0-5-ubuntu
machine: x86_64
clock source: unix
pcre jit disabled
detected number of CPU cores: 1
current working directory: /home/ubuntu/FlaskShare
writing pidfile to uwsgi.pid
detected binary path: /usr/local/bin/uwsgi
chdir() to /home/ubuntu/FlaskShare
your processes number limit is 7338
your memory page size is 4096 bytes
detected max file descriptor number: 1024
lock engine: pthread robust mutexes
thunder lock: disabled (you can enable it with --thunder-lock)
chown(): Operation not permitted [core/utils.c line 2638]
*** Starting uWSGI 2.0.17 (64bit) on [Sun Jun 24 17:31:44 2018] ***
compiled with version: 5.4.0 20160609 on 22 June 2018 06:11:57
os: Linux-4.4.0-91-generic #114-Ubuntu SMP Tue Aug 8 11:56:56 UTC 2017
nodename: VM-0-5-ubuntu
machine: x86_64
clock source: unix
pcre jit disabled
detected number of CPU cores: 1
current working directory: /home/ubuntu/FlaskShare
writing pidfile to uwsgi.pid
detected binary path: /usr/local/bin/uwsgi
uWSGI running as root, you can use --uid/--gid/--chroot options
*** WARNING: you are running uWSGI as root !!! (use the --uid flag) *** 
chdir() to /home/ubuntu/FlaskShare
*** WARNING: you are running uWSGI without its master process manager ***
your processes number limit is 7338
your memory page size is 4096 bytes
detected max file descriptor number: 1024
lock engine: pthread robust mutexes
thunder lock: disabled (you can enable it with --thunder-lock)
uwsgi socket 0 bound to TCP address 127.0.0.1:5000 fd 3
uWSGI running as root, you can use --uid/--gid/--chroot options
*** WARNING: you are running uWSGI as root !!! (use the --uid flag) *** 
Python version: 3.6.5 (default, May  3 2018, 10:08:28)  [GCC 5.4.0 20160609]
Set PythonHome to /home/ubuntu/.virtualenvs/FlaskShare
Python main interpreter initialized at 0x746d30
uWSGI running as root, you can use --uid/--gid/--chroot options
*** WARNING: you are running uWSGI as root !!! (use the --uid flag) *** 
python threads support enabled
your server socket listen backlog is limited to 100 connections
your mercy for graceful operations on workers is 60 seconds
mapped 333504 bytes (325 KB) for 8 cores
*** Operational MODE: preforking+threaded ***
WSGI app 0 (mountpoint='') ready in 0 seconds on interpreter 0x746d30 pid: 31187 (default app)
uWSGI running as root, you can use --uid/--gid/--chroot options
*** WARNING: you are running uWSGI as root !!! (use the --uid flag) *** 
*** uWSGI is running in multiple interpreter mode ***
spawned uWSGI worker 1 (pid: 31187, cores: 2)
spawned uWSGI worker 2 (pid: 31189, cores: 2)
spawned uWSGI worker 3 (pid: 31190, cores: 2)
spawned uWSGI worker 4 (pid: 31191, cores: 2)
[pid: 31189|app: 0|req: 1/1] 127.0.0.1 () {34 vars in 615 bytes} [Sun Jun 24 17:35:15 2018] GET /admin => generated 263 bytes in 18 msecs (HTTP/1.0 301) 3 headers in 135 bytes (1 switches on core 0)
[pid: 31189|app: 0|req: 2/2] 127.0.0.1 () {34 vars in 617 bytes} [Sun Jun 24 17:35:15 2018] GET /admin/ => generated 325 bytes in 5 msecs (HTTP/1.0 302) 3 headers in 175 bytes (1 switches on core 1)
[pid: 31190|app: 0|req: 1/3] 127.0.0.1 () {34 vars in 720 bytes} [Sun Jun 24 17:35:15 2018] GET /admin/login/?next=http%3A%2F%2F127.0.0.1%3A5000%2Fadmin%2F => generated 2201 bytes in 40 msecs (HTTP/1.0 200) 3 headers in 232 bytes (1 switches on core 0)
[pid: 31190|app: 0|req: 2/4] 127.0.0.1 () {44 vars in 1061 bytes} [Sun Jun 24 17:35:27 2018] POST /admin/login/?next=http%3A%2F%2F127.0.0.1%3A5000%2Fadmin%2F => generated 233 bytes in 71 msecs (HTTP/1.0 302) 4 headers in 351 bytes (1 switches on core 1)
[pid: 31189|app: 0|req: 3/5] 127.0.0.1 () {38 vars in 932 bytes} [Sun Jun 24 17:35:27 2018] GET /admin/login/ => generated 2284 bytes in 24 msecs (HTTP/1.0 200) 3 headers in 232 bytes (1 switches on core 0)
[pid: 31189|app: 0|req: 4/6] 127.0.0.1 () {44 vars in 924 bytes} [Sun Jun 24 17:35:39 2018] POST /admin/login/ => generated 233 bytes in 76 msecs (HTTP/1.0 302) 4 headers in 351 bytes (1 switches on core 1)
[pid: 31189|app: 0|req: 5/7] 127.0.0.1 () {38 vars in 886 bytes} [Sun Jun 24 17:35:39 2018] GET /admin/login/ => generated 2284 bytes in 4 msecs (HTTP/1.0 200) 3 headers in 232 bytes (1 switches on core 0)
[pid: 31190|app: 0|req: 3/8] 127.0.0.1 () {44 vars in 924 bytes} [Sun Jun 24 17:35:48 2018] POST /admin/login/ => generated 233 bytes in 57 msecs (HTTP/1.0 302) 4 headers in 351 bytes (1 switches on core 0)
[pid: 31189|app: 0|req: 6/9] 127.0.0.1 () {38 vars in 886 bytes} [Sun Jun 24 17:35:48 2018] GET /admin/login/ => generated 2284 bytes in 5 msecs (HTTP/1.0 200) 3 headers in 232 bytes (1 switches on core 1)
[pid: 31190|app: 0|req: 4/10] 127.0.0.1 () {44 vars in 924 bytes} [Sun Jun 24 17:35:55 2018] POST /admin/login/ => generated 233 bytes in 58 msecs (HTTP/1.0 302) 4 headers in 351 bytes (1 switches on core 1)
[pid: 31189|app: 0|req: 7/11] 127.0.0.1 () {38 vars in 886 bytes} [Sun Jun 24 17:35:55 2018] GET /admin/login/ => generated 2284 bytes in 5 msecs (HTTP/1.0 200) 3 headers in 232 bytes (1 switches on core 0)
[pid: 31189|app: 0|req: 8/12] 127.0.0.1 () {44 vars in 924 bytes} [Sun Jun 24 17:36:04 2018] POST /admin/login/ => generated 233 bytes in 56 msecs (HTTP/1.0 302) 4 headers in 351 bytes (1 switches on core 1)
[pid: 31189|app: 0|req: 9/13] 127.0.0.1 () {38 vars in 886 bytes} [Sun Jun 24 17:36:04 2018] GET /admin/login/ => generated 2284 bytes in 4 msecs (HTTP/1.0 200) 3 headers in 232 bytes (1 switches on core 0)
[pid: 31190|app: 0|req: 5/14] 127.0.0.1 () {44 vars in 924 bytes} [Sun Jun 24 17:36:09 2018] POST /admin/login/ => generated 221 bytes in 69 msecs (HTTP/1.0 302) 4 headers in 355 bytes (1 switches on core 0)
[pid: 31189|app: 0|req: 10/15] 127.0.0.1 () {38 vars in 884 bytes} [Sun Jun 24 17:36:09 2018] GET /admin/ => generated 16447 bytes in 35 msecs (HTTP/1.0 200) 2 headers in 82 bytes (1 switches on core 1)
[pid: 31190|app: 0|req: 6/16] 127.0.0.1 () {36 vars in 863 bytes} [Sun Jun 24 17:36:17 2018] GET /admin/tag/add/ => generated 15029 bytes in 38 msecs (HTTP/1.0 200) 2 headers in 82 bytes (1 switches on core 1)
[pid: 31189|app: 0|req: 11/17] 127.0.0.1 () {36 vars in 877 bytes} [Sun Jun 24 17:36:18 2018] GET /admin/tag/list/1/ => generated 17411 bytes in 27 msecs (HTTP/1.0 200) 2 headers in 82 bytes (1 switches on core 0)
[pid: 31189|app: 0|req: 12/18] 127.0.0.1 () {36 vars in 880 bytes} [Sun Jun 24 17:36:20 2018] GET /admin/tag/list/1/ => generated 17411 bytes in 9 msecs (HTTP/1.0 200) 2 headers in 82 bytes (1 switches on core 1)
[pid: 31189|app: 0|req: 13/19] 127.0.0.1 () {36 vars in 876 bytes} [Sun Jun 24 17:36:23 2018] GET /admin/link/add/ => generated 15053 bytes in 15 msecs (HTTP/1.0 200) 2 headers in 82 bytes (1 switches on core 0)
[pid: 31189|app: 0|req: 14/20] 127.0.0.1 () {34 vars in 789 bytes} [Sun Jun 24 17:36:32 2018] GET / => generated 614 bytes in 6 msecs (HTTP/1.0 404) 2 headers in 87 bytes (1 switches on core 1)
[pid: 31189|app: 0|req: 15/21] 127.0.0.1 () {34 vars in 770 bytes} [Sun Jun 24 17:36:32 2018] GET /favicon.ico => generated 614 bytes in 3 msecs (HTTP/1.0 404) 2 headers in 87 bytes (1 switches on core 0)
[pid: 31190|app: 0|req: 7/22] 127.0.0.1 () {36 vars in 820 bytes} [Sun Jun 24 17:36:41 2018] GET / => generated 614 bytes in 7 msecs (HTTP/1.0 404) 2 headers in 87 bytes (1 switches on core 0)
[pid: 31190|app: 0|req: 8/23] 127.0.0.1 () {34 vars in 791 bytes} [Sun Jun 24 17:36:50 2018] GET /1 => generated 299 bytes in 2 msecs (HTTP/1.0 302) 3 headers in 162 bytes (1 switches on core 1)
[pid: 31191|app: 0|req: 1/24] 127.0.0.1 () {34 vars in 878 bytes} [Sun Jun 24 17:36:50 2018] GET /login/?next=http%3A%2F%2F127.0.0.1%3A5000%2F1 => generated 6116 bytes in 66 msecs (HTTP/1.0 200) 2 headers in 81 bytes (1 switches on core 0)
[pid: 31190|app: 0|req: 9/25] 127.0.0.1 () {44 vars in 1103 bytes} [Sun Jun 24 17:36:53 2018] POST /login/?next=http%3A%2F%2F127.0.0.1%3A5000%2F1 => generated 221 bytes in 71 msecs (HTTP/1.0 302) 4 headers in 403 bytes (1 switches on core 1)
[pid: 31189|app: 0|req: 16/26] 127.0.0.1 () {38 vars in 965 bytes} [Sun Jun 24 17:36:53 2018] GET /login/ => generated 6193 bytes in 38 msecs (HTTP/1.0 200) 3 headers in 313 bytes (1 switches on core 0)
[pid: 31189|app: 0|req: 17/27] 127.0.0.1 () {44 vars in 987 bytes} [Sun Jun 24 17:37:05 2018] POST /login/ => generated 211 bytes in 64 msecs (HTTP/1.0 302) 4 headers in 368 bytes (1 switches on core 1)
{}
[pid: 31189|app: 0|req: 18/28] 127.0.0.1 () {38 vars in 886 bytes} [Sun Jun 24 17:37:05 2018] GET /1 => generated 49357 bytes in 117 msecs (HTTP/1.0 200) 2 headers in 82 bytes (1 switches on core 0)
{}
[pid: 31189|app: 0|req: 19/29] 127.0.0.1 () {36 vars in 869 bytes} [Sun Jun 24 17:37:23 2018] GET /2?category= => generated 25055 bytes in 50 msecs (HTTP/1.0 200) 2 headers in 82 bytes (1 switches on core 1)
{}
[pid: 31189|app: 0|req: 20/30] 127.0.0.1 () {36 vars in 879 bytes} [Sun Jun 24 17:37:32 2018] GET /1?category= => generated 49357 bytes in 64 msecs (HTTP/1.0 200) 2 headers in 82 bytes (1 switches on core 0)
[pid: 31189|app: 0|req: 21/31] 127.0.0.1 () {34 vars in 807 bytes} [Sun Jun 24 17:40:54 2018] GET / => generated 614 bytes in 2 msecs (HTTP/1.0 404) 2 headers in 87 bytes (1 switches on core 1)
{}
[pid: 31187|app: 0|req: 1/32] 127.0.0.1 () {36 vars in 849 bytes} [Sun Jun 24 17:41:01 2018] GET /1 => generated 49357 bytes in 193 msecs (HTTP/1.0 200) 2 headers in 82 bytes (1 switches on core 0)
[pid: 31189|app: 0|req: 22/33] 127.0.0.1 () {34 vars in 807 bytes} [Sun Jun 24 17:41:40 2018] GET / => generated 614 bytes in 2 msecs (HTTP/1.0 404) 2 headers in 87 bytes (1 switches on core 0)
[pid: 31190|app: 0|req: 10/34] 127.0.0.1 () {38 vars in 860 bytes} [Sun Jun 24 17:41:43 2018] GET / => generated 614 bytes in 2 msecs (HTTP/1.0 404) 2 headers in 87 bytes (1 switches on core 0)
[pid: 31187|app: 0|req: 2/35] 127.0.0.1 () {38 vars in 841 bytes} [Sun Jun 24 17:41:44 2018] GET /favicon.ico => generated 614 bytes in 8 msecs (HTTP/1.0 404) 2 headers in 87 bytes (1 switches on core 1)
[pid: 31189|app: 0|req: 23/36] 127.0.0.1 () {36 vars in 838 bytes} [Sun Jun 24 17:42:05 2018] GET / => generated 614 bytes in 2 msecs (HTTP/1.0 404) 2 headers in 87 bytes (1 switches on core 1)
[pid: 31189|app: 0|req: 24/37] 127.0.0.1 () {30 vars in 525 bytes} [Sun Jun 24 17:42:30 2018] GET / => generated 614 bytes in 1 msecs (HTTP/1.0 404) 2 headers in 87 bytes (1 switches on core 0)
[pid: 31190|app: 0|req: 11/38] 127.0.0.1 () {34 vars in 585 bytes} [Sun Jun 24 17:42:33 2018] GET / => generated 614 bytes in 2 msecs (HTTP/1.0 404) 2 headers in 87 bytes (1 switches on core 0)
[pid: 31191|app: 0|req: 2/39] 127.0.0.1 () {38 vars in 647 bytes} [Sun Jun 24 17:42:33 2018] GET / => generated 614 bytes in 6 msecs (HTTP/1.0 404) 2 headers in 87 bytes (1 switches on core 1)
[pid: 31189|app: 0|req: 25/40] 127.0.0.1 () {30 vars in 502 bytes} [Sun Jun 24 17:42:37 2018] GET / => generated 614 bytes in 2 msecs (HTTP/1.0 404) 2 headers in 87 bytes (1 switches on core 0)
[pid: 31187|app: 0|req: 3/41] 127.0.0.1 () {30 vars in 535 bytes} [Sun Jun 24 17:42:42 2018] GET / => generated 614 bytes in 2 msecs (HTTP/1.0 404) 2 headers in 87 bytes (1 switches on core 0)
[pid: 31191|app: 0|req: 3/42] 127.0.0.1 () {32 vars in 545 bytes} [Sun Jun 24 17:43:18 2018] GET / => generated 614 bytes in 2 msecs (HTTP/1.0 404) 2 headers in 87 bytes (1 switches on core 0)
[pid: 31189|app: 0|req: 26/43] 127.0.0.1 () {36 vars in 838 bytes} [Sun Jun 24 17:44:14 2018] GET / => generated 614 bytes in 2 msecs (HTTP/1.0 404) 2 headers in 87 bytes (1 switches on core 0)
[pid: 31187|app: 0|req: 4/44] 127.0.0.1 () {36 vars in 838 bytes} [Sun Jun 24 17:44:16 2018] GET / => generated 614 bytes in 2 msecs (HTTP/1.0 404) 2 headers in 87 bytes (1 switches on core 0)
[pid: 31191|app: 0|req: 4/45] 127.0.0.1 () {36 vars in 838 bytes} [Sun Jun 24 17:44:18 2018] GET / => generated 614 bytes in 2 msecs (HTTP/1.0 404) 2 headers in 87 bytes (1 switches on core 0)
[pid: 31189|app: 0|req: 27/46] 127.0.0.1 () {36 vars in 838 bytes} [Sun Jun 24 17:45:58 2018] GET / => generated 614 bytes in 2 msecs (HTTP/1.0 404) 2 headers in 87 bytes (1 switches on core 0)
{}
[pid: 31190|app: 0|req: 12/47] 127.0.0.1 () {36 vars in 849 bytes} [Sun Jun 24 17:46:02 2018] GET /1 => generated 49357 bytes in 195 msecs (HTTP/1.0 200) 2 headers in 82 bytes (1 switches on core 0)
{}
[pid: 31190|app: 0|req: 13/48] 127.0.0.1 () {38 vars in 880 bytes} [Sun Jun 24 17:46:14 2018] GET /1 => generated 49357 bytes in 89 msecs (HTTP/1.0 200) 2 headers in 82 bytes (1 switches on core 1)
[pid: 31189|app: 0|req: 28/49] 127.0.0.1 () {34 vars in 807 bytes} [Sun Jun 24 17:46:22 2018] GET / => generated 614 bytes in 2 msecs (HTTP/1.0 404) 2 headers in 87 bytes (1 switches on core 0)
[pid: 31191|app: 0|req: 5/50] 127.0.0.1 () {36 vars in 838 bytes} [Sun Jun 24 17:47:03 2018] GET / => generated 614 bytes in 3 msecs (HTTP/1.0 404) 2 headers in 87 bytes (1 switches on core 0)
{}
[pid: 31187|app: 0|req: 5/51] 127.0.0.1 () {34 vars in 809 bytes} [Sun Jun 24 17:47:09 2018] GET /1 => generated 49357 bytes in 76 msecs (HTTP/1.0 200) 2 headers in 82 bytes (1 switches on core 0)
{}
[pid: 31189|app: 0|req: 29/52] 127.0.0.1 () {36 vars in 840 bytes} [Sun Jun 24 17:47:21 2018] GET /1 => generated 49357 bytes in 74 msecs (HTTP/1.0 200) 2 headers in 82 bytes (1 switches on core 0)
{}
[pid: 31189|app: 0|req: 30/53] 127.0.0.1 () {38 vars in 862 bytes} [Sun Jun 24 17:47:25 2018] GET /1 => generated 49357 bytes in 65 msecs (HTTP/1.0 200) 2 headers in 82 bytes (1 switches on core 1)
[pid: 31189|app: 0|req: 31/54] 127.0.0.1 () {34 vars in 807 bytes} [Sun Jun 24 17:52:26 2018] GET / => generated 614 bytes in 2 msecs (HTTP/1.0 404) 2 headers in 87 bytes (1 switches on core 0)
[pid: 31187|app: 0|req: 6/55] 127.0.0.1 () {36 vars in 838 bytes} [Sun Jun 24 17:52:30 2018] GET / => generated 614 bytes in 2 msecs (HTTP/1.0 404) 2 headers in 87 bytes (1 switches on core 1)
[pid: 31191|app: 0|req: 6/56] 127.0.0.1 () {22 vars in 232 bytes} [Sun Jun 24 17:52:32 2018] HEAD / => generated 0 bytes in 2 msecs (HTTP/1.0 404) 2 headers in 87 bytes (0 switches on core 1)
[pid: 31189|app: 0|req: 32/57] 127.0.0.1 () {36 vars in 838 bytes} [Sun Jun 24 17:53:29 2018] GET / => generated 614 bytes in 2 msecs (HTTP/1.0 404) 2 headers in 87 bytes (1 switches on core 0)
[pid: 31189|app: 0|req: 33/58] 127.0.0.1 () {22 vars in 231 bytes} [Sun Jun 24 17:54:21 2018] GET / => generated 614 bytes in 2 msecs (HTTP/1.0 404) 2 headers in 87 bytes (1 switches on core 1)
[pid: 31189|app: 0|req: 34/59] 127.0.0.1 () {36 vars in 838 bytes} [Sun Jun 24 17:55:41 2018] GET / => generated 614 bytes in 5 msecs (HTTP/1.0 404) 2 headers in 87 bytes (1 switches on core 1)
[pid: 31189|app: 0|req: 35/60] 127.0.0.1 () {36 vars in 838 bytes} [Sun Jun 24 17:58:04 2018] GET / => generated 614 bytes in 2 msecs (HTTP/1.0 404) 2 headers in 87 bytes (1 switches on core 0)
[pid: 31191|app: 0|req: 7/61] 127.0.0.1 () {36 vars in 838 bytes} [Sun Jun 24 17:58:11 2018] GET / => generated 614 bytes in 2 msecs (HTTP/1.0 404) 2 headers in 87 bytes (1 switches on core 0)
{}
[pid: 31187|app: 0|req: 7/62] 127.0.0.1 () {36 vars in 849 bytes} [Sun Jun 24 17:58:14 2018] GET /1 => generated 49357 bytes in 70 msecs (HTTP/1.0 200) 2 headers in 82 bytes (1 switches on core 1)
[pid: 31189|app: 0|req: 36/63] 127.0.0.1 () {34 vars in 807 bytes} [Sun Jun 24 17:58:23 2018] GET / => generated 614 bytes in 2 msecs (HTTP/1.0 404) 2 headers in 87 bytes (1 switches on core 1)
[pid: 31187|app: 0|req: 8/64] 127.0.0.1 () {36 vars in 838 bytes} [Sun Jun 24 17:58:30 2018] GET / => generated 614 bytes in 2 msecs (HTTP/1.0 404) 2 headers in 87 bytes (1 switches on core 0)
[pid: 31189|app: 0|req: 37/65] 127.0.0.1 () {36 vars in 838 bytes} [Sun Jun 24 17:58:47 2018] GET / => generated 614 bytes in 2 msecs (HTTP/1.0 404) 2 headers in 87 bytes (1 switches on core 0)
[pid: 31187|app: 0|req: 9/66] 127.0.0.1 () {36 vars in 838 bytes} [Sun Jun 24 17:58:52 2018] GET / => generated 614 bytes in 2 msecs (HTTP/1.0 404) 2 headers in 87 bytes (1 switches on core 0)
[pid: 31190|app: 0|req: 14/67] 127.0.0.1 () {36 vars in 838 bytes} [Sun Jun 24 17:58:55 2018] GET / => generated 614 bytes in 2 msecs (HTTP/1.0 404) 2 headers in 87 bytes (1 switches on core 0)
[pid: 31190|app: 0|req: 15/68] 127.0.0.1 () {22 vars in 232 bytes} [Sun Jun 24 17:59:18 2018] HEAD / => generated 0 bytes in 2 msecs (HTTP/1.0 404) 2 headers in 87 bytes (0 switches on core 1)
[pid: 31190|app: 0|req: 16/69] 127.0.0.1 () {36 vars in 838 bytes} [Sun Jun 24 18:03:23 2018] GET / => generated 614 bytes in 2 msecs (HTTP/1.0 404) 2 headers in 87 bytes (1 switches on core 1)
[pid: 31190|app: 0|req: 17/70] 127.0.0.1 () {22 vars in 232 bytes} [Sun Jun 24 18:06:13 2018] HEAD / => generated 0 bytes in 1 msecs (HTTP/1.0 404) 2 headers in 87 bytes (0 switches on core 1)
[pid: 31189|app: 0|req: 38/71] 127.0.0.1 () {26 vars in 379 bytes} [Sun Jun 24 18:15:37 2018] GET / => generated 614 bytes in 2 msecs (HTTP/1.0 404) 2 headers in 87 bytes (1 switches on core 0)
{}
[pid: 31189|app: 0|req: 39/72] 127.0.0.1 () {34 vars in 809 bytes} [Sun Jun 24 18:18:55 2018] GET /1 => generated 49357 bytes in 87 msecs (HTTP/1.0 200) 2 headers in 82 bytes (1 switches on core 1)
[pid: 31189|app: 0|req: 40/73] 127.0.0.1 () {34 vars in 807 bytes} [Sun Jun 24 18:19:05 2018] GET / => generated 614 bytes in 2 msecs (HTTP/1.0 404) 2 headers in 87 bytes (1 switches on core 0)
[pid: 31191|app: 0|req: 8/74] 127.0.0.1 () {36 vars in 838 bytes} [Sun Jun 24 18:19:08 2018] GET / => generated 614 bytes in 2 msecs (HTTP/1.0 404) 2 headers in 87 bytes (1 switches on core 1)
[pid: 31187|app: 0|req: 10/75] 127.0.0.1 () {36 vars in 838 bytes} [Sun Jun 24 18:19:10 2018] GET / => generated 614 bytes in 2 msecs (HTTP/1.0 404) 2 headers in 87 bytes (1 switches on core 0)
[pid: 31187|app: 0|req: 11/76] 127.0.0.1 () {36 vars in 838 bytes} [Sun Jun 24 18:19:11 2018] GET / => generated 614 bytes in 2 msecs (HTTP/1.0 404) 2 headers in 87 bytes (1 switches on core 1)
[pid: 31190|app: 0|req: 18/77] 127.0.0.1 () {36 vars in 838 bytes} [Sun Jun 24 18:19:56 2018] GET / => generated 614 bytes in 2 msecs (HTTP/1.0 404) 2 headers in 87 bytes (1 switches on core 0)
{}
[pid: 31190|app: 0|req: 19/78] 127.0.0.1 () {34 vars in 809 bytes} [Sun Jun 24 18:22:43 2018] GET /1 => generated 49357 bytes in 66 msecs (HTTP/1.0 200) 2 headers in 82 bytes (1 switches on core 1)
[pid: 31189|app: 0|req: 41/79] 127.0.0.1 () {34 vars in 807 bytes} [Sun Jun 24 18:22:51 2018] GET / => generated 614 bytes in 2 msecs (HTTP/1.0 404) 2 headers in 87 bytes (1 switches on core 0)
[pid: 31190|app: 0|req: 20/80] 127.0.0.1 () {38 vars in 860 bytes} [Sun Jun 24 18:22:54 2018] GET / => generated 614 bytes in 2 msecs (HTTP/1.0 404) 2 headers in 87 bytes (1 switches on core 0)
[pid: 31191|app: 0|req: 9/81] 127.0.0.1 () {38 vars in 841 bytes} [Sun Jun 24 18:22:54 2018] GET /favicon.ico => generated 614 bytes in 2 msecs (HTTP/1.0 404) 2 headers in 87 bytes (1 switches on core 1)
[pid: 31187|app: 0|req: 12/82] 127.0.0.1 () {38 vars in 860 bytes} [Sun Jun 24 18:22:55 2018] GET / => generated 614 bytes in 2 msecs (HTTP/1.0 404) 2 headers in 87 bytes (1 switches on core 1)
[pid: 31187|app: 0|req: 13/83] 127.0.0.1 () {38 vars in 841 bytes} [Sun Jun 24 18:22:55 2018] GET /favicon.ico => generated 614 bytes in 2 msecs (HTTP/1.0 404) 2 headers in 87 bytes (1 switches on core 0)
[pid: 31189|app: 0|req: 42/84] 127.0.0.1 () {38 vars in 860 bytes} [Sun Jun 24 18:22:56 2018] GET / => generated 614 bytes in 2 msecs (HTTP/1.0 404) 2 headers in 87 bytes (1 switches on core 1)
[pid: 31191|app: 0|req: 10/85] 127.0.0.1 () {38 vars in 841 bytes} [Sun Jun 24 18:22:56 2018] GET /favicon.ico => generated 614 bytes in 2 msecs (HTTP/1.0 404) 2 headers in 87 bytes (1 switches on core 1)
[pid: 31191|app: 0|req: 11/86] 127.0.0.1 () {38 vars in 860 bytes} [Sun Jun 24 18:22:56 2018] GET / => generated 614 bytes in 2 msecs (HTTP/1.0 404) 2 headers in 87 bytes (1 switches on core 0)
[pid: 31189|app: 0|req: 43/87] 127.0.0.1 () {38 vars in 841 bytes} [Sun Jun 24 18:22:57 2018] GET /favicon.ico => generated 614 bytes in 2 msecs (HTTP/1.0 404) 2 headers in 87 bytes (1 switches on core 1)
[pid: 31187|app: 0|req: 14/88] 127.0.0.1 () {38 vars in 860 bytes} [Sun Jun 24 18:22:57 2018] GET / => generated 614 bytes in 2 msecs (HTTP/1.0 404) 2 headers in 87 bytes (1 switches on core 0)
[pid: 31187|app: 0|req: 15/89] 127.0.0.1 () {38 vars in 841 bytes} [Sun Jun 24 18:22:57 2018] GET /favicon.ico => generated 614 bytes in 2 msecs (HTTP/1.0 404) 2 headers in 87 bytes (1 switches on core 1)
[pid: 31190|app: 0|req: 21/90] 127.0.0.1 () {38 vars in 860 bytes} [Sun Jun 24 18:22:58 2018] GET / => generated 614 bytes in 2 msecs (HTTP/1.0 404) 2 headers in 87 bytes (1 switches on core 0)
[pid: 31191|app: 0|req: 12/91] 127.0.0.1 () {38 vars in 860 bytes} [Sun Jun 24 18:22:58 2018] GET / => generated 614 bytes in 3 msecs (HTTP/1.0 404) 2 headers in 87 bytes (1 switches on core 0)
[pid: 31189|app: 0|req: 44/92] 127.0.0.1 () {38 vars in 860 bytes} [Sun Jun 24 18:22:58 2018] GET / => generated 614 bytes in 4 msecs (HTTP/1.0 404) 2 headers in 87 bytes (1 switches on core 1)
[pid: 31189|app: 0|req: 45/93] 127.0.0.1 () {38 vars in 860 bytes} [Sun Jun 24 18:22:58 2018] GET / => generated 614 bytes in 2 msecs (HTTP/1.0 404) 2 headers in 87 bytes (1 switches on core 0)
[pid: 31191|app: 0|req: 13/94] 127.0.0.1 () {38 vars in 860 bytes} [Sun Jun 24 18:22:58 2018] GET / => generated 614 bytes in 2 msecs (HTTP/1.0 404) 2 headers in 87 bytes (1 switches on core 1)
[pid: 31190|app: 0|req: 22/95] 127.0.0.1 () {38 vars in 860 bytes} [Sun Jun 24 18:22:59 2018] GET / => generated 614 bytes in 3 msecs (HTTP/1.0 404) 2 headers in 87 bytes (1 switches on core 0)
[pid: 31190|app: 0|req: 23/96] 127.0.0.1 () {38 vars in 860 bytes} [Sun Jun 24 18:22:59 2018] GET / => generated 614 bytes in 3 msecs (HTTP/1.0 404) 2 headers in 87 bytes (1 switches on core 1)
[pid: 31187|app: 0|req: 16/97] 127.0.0.1 () {38 vars in 860 bytes} [Sun Jun 24 18:22:59 2018] GET / => generated 614 bytes in 2 msecs (HTTP/1.0 404) 2 headers in 87 bytes (1 switches on core 1)
[pid: 31187|app: 0|req: 17/98] 127.0.0.1 () {38 vars in 860 bytes} [Sun Jun 24 18:22:59 2018] GET / => generated 614 bytes in 3 msecs (HTTP/1.0 404) 2 headers in 87 bytes (1 switches on core 0)
[pid: 31191|app: 0|req: 14/99] 127.0.0.1 () {38 vars in 841 bytes} [Sun Jun 24 18:23:00 2018] GET /favicon.ico => generated 614 bytes in 3 msecs (HTTP/1.0 404) 2 headers in 87 bytes (1 switches on core 0)
[pid: 31189|app: 0|req: 46/100] 127.0.0.1 () {36 vars in 838 bytes} [Sun Jun 24 18:23:01 2018] GET / => generated 614 bytes in 2 msecs (HTTP/1.0 404) 2 headers in 87 bytes (1 switches on core 0)
[pid: 31187|app: 0|req: 18/101] 127.0.0.1 () {36 vars in 838 bytes} [Sun Jun 24 18:23:03 2018] GET / => generated 614 bytes in 2 msecs (HTTP/1.0 404) 2 headers in 87 bytes (1 switches on core 1)
[pid: 31189|app: 0|req: 47/102] 127.0.0.1 () {22 vars in 232 bytes} [Sun Jun 24 18:32:10 2018] HEAD / => generated 0 bytes in 2 msecs (HTTP/1.0 404) 2 headers in 87 bytes (0 switches on core 0)
[pid: 31189|app: 0|req: 48/103] 127.0.0.1 () {24 vars in 263 bytes} [Sun Jun 24 18:33:13 2018] GET / => generated 614 bytes in 2 msecs (HTTP/1.0 404) 2 headers in 87 bytes (1 switches on core 1)
[pid: 31189|app: 0|req: 49/104] 127.0.0.1 () {32 vars in 574 bytes} [Sun Jun 24 18:42:41 2018] GET / => generated 614 bytes in 1 msecs (HTTP/1.0 404) 2 headers in 87 bytes (1 switches on core 1)
[pid: 31187|app: 0|req: 19/105] 127.0.0.1 () {32 vars in 555 bytes} [Sun Jun 24 18:42:42 2018] GET /favicon.ico => generated 614 bytes in 1 msecs (HTTP/1.0 404) 2 headers in 87 bytes (1 switches on core 0)
[pid: 31190|app: 0|req: 24/106] 127.0.0.1 () {34 vars in 605 bytes} [Sun Jun 24 18:42:44 2018] GET / => generated 614 bytes in 2 msecs (HTTP/1.0 404) 2 headers in 87 bytes (1 switches on core 0)
[pid: 31191|app: 0|req: 15/107] 127.0.0.1 () {34 vars in 616 bytes} [Sun Jun 24 18:42:46 2018] GET /1 => generated 299 bytes in 2 msecs (HTTP/1.0 302) 3 headers in 162 bytes (1 switches on core 1)
[pid: 31191|app: 0|req: 16/108] 127.0.0.1 () {34 vars in 703 bytes} [Sun Jun 24 18:42:46 2018] GET /login/?next=http%3A%2F%2F127.0.0.1%3A5000%2F1 => generated 6116 bytes in 5 msecs (HTTP/1.0 200) 3 headers in 232 bytes (1 switches on core 0)
[pid: 31189|app: 0|req: 50/109] 127.0.0.1 () {34 vars in 819 bytes} [Sun Jun 24 18:58:40 2018] GET /admin/ => generated 16447 bytes in 7 msecs (HTTP/1.0 200) 2 headers in 82 bytes (1 switches on core 1)
[pid: 31189|app: 0|req: 51/110] 127.0.0.1 () {34 vars in 807 bytes} [Sun Jun 24 18:58:45 2018] GET / => generated 614 bytes in 2 msecs (HTTP/1.0 404) 2 headers in 87 bytes (1 switches on core 0)
{}
[pid: 31191|app: 0|req: 17/111] 127.0.0.1 () {34 vars in 809 bytes} [Sun Jun 24 18:58:49 2018] GET /1 => generated 49357 bytes in 150 msecs (HTTP/1.0 200) 2 headers in 82 bytes (1 switches on core 1)
{}
[pid: 31189|app: 0|req: 52/112] 127.0.0.1 () {34 vars in 809 bytes} [Sun Jun 24 20:17:44 2018] GET /1 => generated 49357 bytes in 86 msecs (HTTP/1.0 200) 2 headers in 82 bytes (1 switches on core 0)
[pid: 31189|app: 0|req: 53/113] 127.0.0.1 () {34 vars in 807 bytes} [Sun Jun 24 20:17:53 2018] GET / => generated 614 bytes in 2 msecs (HTTP/1.0 404) 2 headers in 87 bytes (1 switches on core 1)
[pid: 31190|app: 0|req: 25/114] 127.0.0.1 () {34 vars in 788 bytes} [Sun Jun 24 20:17:55 2018] GET /favicon.ico => generated 614 bytes in 2 msecs (HTTP/1.0 404) 2 headers in 87 bytes (1 switches on core 0)
[pid: 31189|app: 0|req: 54/115] 127.0.0.1 () {36 vars in 838 bytes} [Sun Jun 24 20:25:37 2018] GET / => generated 614 bytes in 2 msecs (HTTP/1.0 404) 2 headers in 87 bytes (1 switches on core 1)
[pid: 31187|app: 0|req: 20/116] 127.0.0.1 () {34 vars in 788 bytes} [Sun Jun 24 20:25:37 2018] GET /favicon.ico => generated 614 bytes in 2 msecs (HTTP/1.0 404) 2 headers in 87 bytes (1 switches on core 0)
[pid: 31189|app: 0|req: 55/117] 127.0.0.1 () {32 vars in 574 bytes} [Mon Jun 25 09:04:49 2018] GET / => generated 614 bytes in 2 msecs (HTTP/1.0 404) 2 headers in 87 bytes (1 switches on core 0)
[pid: 31191|app: 0|req: 18/118] 127.0.0.1 () {32 vars in 555 bytes} [Mon Jun 25 09:04:51 2018] GET /favicon.ico => generated 614 bytes in 2 msecs (HTTP/1.0 404) 2 headers in 87 bytes (1 switches on core 0)
*** Starting uWSGI 2.0.17 (64bit) on [Mon Jun 25 09:06:19 2018] ***
compiled with version: 5.4.0 20160609 on 22 June 2018 06:11:57
os: Linux-4.4.0-91-generic #114-Ubuntu SMP Tue Aug 8 11:56:56 UTC 2017
nodename: VM-0-5-ubuntu
machine: x86_64
clock source: unix
pcre jit disabled
detected number of CPU cores: 1
current working directory: /home/ubuntu/FlaskShare
writing pidfile to uwsgi.pid
detected binary path: /usr/local/bin/uwsgi
chdir() to /home/ubuntu/FlaskShare
*** WARNING: you are running uWSGI without its master process manager ***
your processes number limit is 7338
your memory page size is 4096 bytes
detected max file descriptor number: 1024
lock engine: pthread robust mutexes
thunder lock: disabled (you can enable it with --thunder-lock)
probably another instance of uWSGI is running on the same address (127.0.0.1:5000).
bind(): Address already in use [core/socket.c line 769]
[pid: 31189|app: 0|req: 56/119] 127.0.0.1 () {34 vars in 605 bytes} [Mon Jun 25 09:06:24 2018] GET / => generated 614 bytes in 3 msecs (HTTP/1.0 404) 2 headers in 87 bytes (1 switches on core 1)
[pid: 31189|app: 0|req: 57/120] 127.0.0.1 () {34 vars in 605 bytes} [Mon Jun 25 09:06:26 2018] GET / => generated 614 bytes in 2 msecs (HTTP/1.0 404) 2 headers in 87 bytes (1 switches on core 0)
[pid: 31190|app: 0|req: 26/121] 127.0.0.1 () {34 vars in 605 bytes} [Mon Jun 25 09:06:28 2018] GET / => generated 614 bytes in 2 msecs (HTTP/1.0 404) 2 headers in 87 bytes (1 switches on core 0)
[pid: 31191|app: 0|req: 19/122] 127.0.0.1 () {34 vars in 605 bytes} [Mon Jun 25 09:06:30 2018] GET / => generated 614 bytes in 2 msecs (HTTP/1.0 404) 2 headers in 87 bytes (1 switches on core 0)
[pid: 31191|app: 0|req: 20/123] 127.0.0.1 () {34 vars in 605 bytes} [Mon Jun 25 09:06:32 2018] GET / => generated 614 bytes in 2 msecs (HTTP/1.0 404) 2 headers in 87 bytes (1 switches on core 1)
[pid: 31187|app: 0|req: 21/124] 127.0.0.1 () {34 vars in 616 bytes} [Mon Jun 25 09:06:35 2018] GET /1 => generated 299 bytes in 2 msecs (HTTP/1.0 302) 3 headers in 162 bytes (1 switches on core 1)
[pid: 31190|app: 0|req: 27/125] 127.0.0.1 () {34 vars in 703 bytes} [Mon Jun 25 09:06:35 2018] GET /login/?next=http%3A%2F%2F127.0.0.1%3A5000%2F1 => generated 6116 bytes in 14 msecs (HTTP/1.0 200) 3 headers in 232 bytes (1 switches on core 1)
Mon Jun 25 09:06:45 2018 - SIGPIPE: writing to a closed pipe/socket/fd (probably the client disconnected) !!!
[pid: 31189|app: 0|req: 58/126] 127.0.0.1 () {44 vars in 1022 bytes} [Mon Jun 25 09:06:45 2018] POST /login/?next=http%3A%2F%2F127.0.0.1%3A5000%2F1 => generated 221 bytes in 73 msecs (HTTP/1.0 302) 4 headers in 345 bytes (1 switches on core 0)
[pid: 31189|app: 0|req: 59/127] 127.0.0.1 () {38 vars in 907 bytes} [Mon Jun 25 09:06:45 2018] GET /login/ => generated 6193 bytes in 8 msecs (HTTP/1.0 200) 3 headers in 232 bytes (1 switches on core 1)
[pid: 31189|app: 0|req: 60/128] 127.0.0.1 () {44 vars in 906 bytes} [Mon Jun 25 09:06:55 2018] POST /login/ => generated 211 bytes in 65 msecs (HTTP/1.0 302) 4 headers in 305 bytes (1 switches on core 0)
{}
[pid: 31189|app: 0|req: 61/129] 127.0.0.1 () {38 vars in 823 bytes} [Mon Jun 25 09:06:55 2018] GET /1 => generated 49357 bytes in 67 msecs (HTTP/1.0 200) 2 headers in 82 bytes (1 switches on core 1)
{}
[pid: 31189|app: 0|req: 62/130] 127.0.0.1 () {36 vars in 808 bytes} [Mon Jun 25 09:07:18 2018] GET /1?category=3 => generated 14697 bytes in 14 msecs (HTTP/1.0 200) 2 headers in 82 bytes (1 switches on core 0)
{}
[pid: 31189|app: 0|req: 63/131] 127.0.0.1 () {36 vars in 819 bytes} [Mon Jun 25 09:07:20 2018] GET /1?category=2 => generated 49360 bytes in 99 msecs (HTTP/1.0 200) 2 headers in 82 bytes (1 switches on core 1)
{}
[pid: 31189|app: 0|req: 64/132] 127.0.0.1 () {36 vars in 798 bytes} [Mon Jun 25 09:07:22 2018] GET /1 => generated 49357 bytes in 84 msecs (HTTP/1.0 200) 2 headers in 82 bytes (1 switches on core 0)
*** Starting uWSGI 2.0.17 (64bit) on [Mon Jun 25 09:11:40 2018] ***
compiled with version: 5.4.0 20160609 on 22 June 2018 06:11:57
os: Linux-4.4.0-91-generic #114-Ubuntu SMP Tue Aug 8 11:56:56 UTC 2017
nodename: VM-0-5-ubuntu
machine: x86_64
clock source: unix
pcre jit disabled
detected number of CPU cores: 1
current working directory: /home/ubuntu/FlaskShare
writing pidfile to uwsgi.pid
detected binary path: /usr/local/bin/uwsgi
chdir() to /home/ubuntu/FlaskShare
*** WARNING: you are running uWSGI without its master process manager ***
your processes number limit is 7338
your memory page size is 4096 bytes
detected max file descriptor number: 1024
lock engine: pthread robust mutexes
thunder lock: disabled (you can enable it with --thunder-lock)
uwsgi socket 0 bound to TCP address 127.0.0.1:6001 fd 3
Python version: 3.6.5 (default, May  3 2018, 10:08:28)  [GCC 5.4.0 20160609]
Set PythonHome to /home/ubuntu/.virtualenvs/FlaskShare
Python main interpreter initialized at 0xac20f0
python threads support enabled
your server socket listen backlog is limited to 100 connections
your mercy for graceful operations on workers is 60 seconds
mapped 333504 bytes (325 KB) for 8 cores
*** Operational MODE: preforking+threaded ***
WSGI app 0 (mountpoint='') ready in 1 seconds on interpreter 0xac20f0 pid: 16269 (default app)
*** uWSGI is running in multiple interpreter mode ***
spawned uWSGI worker 1 (pid: 16269, cores: 2)
spawned uWSGI worker 2 (pid: 16273, cores: 2)
spawned uWSGI worker 3 (pid: 16274, cores: 2)
spawned uWSGI worker 4 (pid: 16275, cores: 2)
{}
[pid: 16273|app: 0|req: 1/1] 127.0.0.1 () {36 vars in 775 bytes} [Mon Jun 25 09:11:49 2018] GET / => generated 49357 bytes in 171 msecs (HTTP/1.0 200) 2 headers in 82 bytes (1 switches on core 0)
[pid: 16273|app: 0|req: 2/2] 127.0.0.1 () {36 vars in 794 bytes} [Mon Jun 25 09:27:49 2018] GET /user/ => generated 11805 bytes in 42 msecs (HTTP/1.0 200) 2 headers in 82 bytes (1 switches on core 1)
[pid: 16273|app: 0|req: 3/3] 127.0.0.1 () {36 vars in 811 bytes} [Mon Jun 25 09:28:00 2018] GET /focus_user/ => generated 10021 bytes in 47 msecs (HTTP/1.0 200) 2 headers in 82 bytes (1 switches on core 0)
[pid: 16273|app: 0|req: 4/4] 127.0.0.1 () {36 vars in 825 bytes} [Mon Jun 25 09:28:02 2018] GET /my_resources/1/ => generated 10512 bytes in 35 msecs (HTTP/1.0 200) 2 headers in 82 bytes (1 switches on core 1)
[pid: 16273|app: 0|req: 5/5] 127.0.0.1 () {36 vars in 809 bytes} [Mon Jun 25 09:28:05 2018] GET /user/ => generated 11805 bytes in 8 msecs (HTTP/1.0 200) 2 headers in 82 bytes (1 switches on core 0)
{}
[pid: 16273|app: 0|req: 6/6] 127.0.0.1 () {36 vars in 791 bytes} [Mon Jun 25 09:28:07 2018] GET /1 => generated 49357 bytes in 89 msecs (HTTP/1.0 200) 2 headers in 82 bytes (1 switches on core 1)
[pid: 16273|app: 0|req: 7/7] 127.0.0.1 () {32 vars in 603 bytes} [Tue Jun 26 19:31:54 2018] GET /home => generated 614 bytes in 6 msecs (HTTP/1.0 404) 2 headers in 87 bytes (1 switches on core 0)
[pid: 16273|app: 0|req: 8/8] 127.0.0.1 () {32 vars in 580 bytes} [Tue Jun 26 19:31:55 2018] GET /favicon.ico => generated 614 bytes in 1 msecs (HTTP/1.0 404) 2 headers in 87 bytes (1 switches on core 1)
Tue Jun 26 19:31:59 2018 - SIGPIPE: writing to a closed pipe/socket/fd (probably the client disconnected) !!!
Traceback (most recent call last):
  File "/home/ubuntu/.virtualenvs/FlaskShare/lib/python3.6/site-packages/pymysql/connections.py", line 1039, in _write_bytes
    self._sock.sendall(data)
BrokenPipeError: [Errno 32] Broken pipe

During handling of the above exception, another exception occurred:

Traceback (most recent call last):
  File "/home/ubuntu/.virtualenvs/FlaskShare/lib/python3.6/site-packages/sqlalchemy/engine/base.py", line 721, in _commit_impl
    self.engine.dialect.do_commit(self.connection)
  File "/home/ubuntu/.virtualenvs/FlaskShare/lib/python3.6/site-packages/sqlalchemy/dialects/mysql/base.py", line 1596, in do_commit
    dbapi_connection.commit()
  File "/home/ubuntu/.virtualenvs/FlaskShare/lib/python3.6/site-packages/pymysql/connections.py", line 787, in commit
    self._execute_command(COMMAND.COM_QUERY, "COMMIT")
  File "/home/ubuntu/.virtualenvs/FlaskShare/lib/python3.6/site-packages/pymysql/connections.py", line 1092, in _execute_command
    self._write_bytes(packet)
  File "/home/ubuntu/.virtualenvs/FlaskShare/lib/python3.6/site-packages/pymysql/connections.py", line 1044, in _write_bytes
    "MySQL server has gone away (%r)" % (e,))
pymysql.err.OperationalError: (2006, "MySQL server has gone away (BrokenPipeError(32, 'Broken pipe'))")

The above exception was the direct cause of the following exception:

Traceback (most recent call last):
  File "/home/ubuntu/.virtualenvs/FlaskShare/lib/python3.6/site-packages/flask/app.py", line 1997, in __call__
    return self.wsgi_app(environ, start_response)
  File "/home/ubuntu/.virtualenvs/FlaskShare/lib/python3.6/site-packages/flask/app.py", line 1993, in wsgi_app
    ctx.auto_pop(error)
  File "/home/ubuntu/.virtualenvs/FlaskShare/lib/python3.6/site-packages/flask/ctx.py", line 387, in auto_pop
    self.pop(exc)
  File "/home/ubuntu/.virtualenvs/FlaskShare/lib/python3.6/site-packages/flask/ctx.py", line 376, in pop
    app_ctx.pop(exc)
  File "/home/ubuntu/.virtualenvs/FlaskShare/lib/python3.6/site-packages/flask/ctx.py", line 189, in pop
    self.app.do_teardown_appcontext(exc)
  File "/home/ubuntu/.virtualenvs/FlaskShare/lib/python3.6/site-packages/flask/app.py", line 1892, in do_teardown_appcontext
    func(exc)
  File "/home/ubuntu/.virtualenvs/FlaskShare/lib/python3.6/site-packages/flask_sqlalchemy/__init__.py", line 805, in shutdown_session
    self.session.commit()
  File "/home/ubuntu/.virtualenvs/FlaskShare/lib/python3.6/site-packages/sqlalchemy/orm/scoping.py", line 157, in do
    return getattr(self.registry(), name)(*args, **kwargs)
  File "/home/ubuntu/.virtualenvs/FlaskShare/lib/python3.6/site-packages/sqlalchemy/orm/session.py", line 921, in commit
    self.transaction.commit()
  File "/home/ubuntu/.virtualenvs/FlaskShare/lib/python3.6/site-packages/sqlalchemy/orm/session.py", line 465, in commit
    t[1].commit()
  File "/home/ubuntu/.virtualenvs/FlaskShare/lib/python3.6/site-packages/sqlalchemy/engine/base.py", line 1632, in commit
    self._do_commit()
  File "/home/ubuntu/.virtualenvs/FlaskShare/lib/python3.6/site-packages/sqlalchemy/engine/base.py", line 1663, in _do_commit
    self.connection._commit_impl()
  File "/home/ubuntu/.virtualenvs/FlaskShare/lib/python3.6/site-packages/sqlalchemy/engine/base.py", line 723, in _commit_impl
    self._handle_dbapi_exception(e, None, None, None, None)
  File "/home/ubuntu/.virtualenvs/FlaskShare/lib/python3.6/site-packages/sqlalchemy/engine/base.py", line 1402, in _handle_dbapi_exception
    exc_info
  File "/home/ubuntu/.virtualenvs/FlaskShare/lib/python3.6/site-packages/sqlalchemy/util/compat.py", line 203, in raise_from_cause
    reraise(type(exception), exception, tb=exc_tb, cause=cause)
  File "/home/ubuntu/.virtualenvs/FlaskShare/lib/python3.6/site-packages/sqlalchemy/util/compat.py", line 186, in reraise
    raise value.with_traceback(tb)
  File "/home/ubuntu/.virtualenvs/FlaskShare/lib/python3.6/site-packages/sqlalchemy/engine/base.py", line 721, in _commit_impl
    self.engine.dialect.do_commit(self.connection)
  File "/home/ubuntu/.virtualenvs/FlaskShare/lib/python3.6/site-packages/sqlalchemy/dialects/mysql/base.py", line 1596, in do_commit
    dbapi_connection.commit()
  File "/home/ubuntu/.virtualenvs/FlaskShare/lib/python3.6/site-packages/pymysql/connections.py", line 787, in commit
    self._execute_command(COMMAND.COM_QUERY, "COMMIT")
  File "/home/ubuntu/.virtualenvs/FlaskShare/lib/python3.6/site-packages/pymysql/connections.py", line 1092, in _execute_command
    self._write_bytes(packet)
  File "/home/ubuntu/.virtualenvs/FlaskShare/lib/python3.6/site-packages/pymysql/connections.py", line 1044, in _write_bytes
    "MySQL server has gone away (%r)" % (e,))
sqlalchemy.exc.OperationalError: (pymysql.err.OperationalError) (2006, "MySQL server has gone away (BrokenPipeError(32, 'Broken pipe'))")
[pid: 16274|app: 0|req: 1/9] 127.0.0.1 () {32 vars in 574 bytes} [Tue Jun 26 19:31:59 2018] GET / => generated 0 bytes in 46 msecs (HTTP/1.0 302) 3 headers in 161 bytes (0 switches on core 0)
[pid: 16273|app: 0|req: 9/10] 127.0.0.1 () {32 vars in 661 bytes} [Tue Jun 26 19:31:59 2018] GET /login/?next=http%3A%2F%2F127.0.0.1%3A6001%2F => generated 6116 bytes in 14 msecs (HTTP/1.0 200) 3 headers in 232 bytes (1 switches on core 1)
[pid: 16274|app: 0|req: 2/11] 127.0.0.1 () {44 vars in 1019 bytes} [Tue Jun 26 19:32:24 2018] POST /login/?next=http%3A%2F%2F127.0.0.1%3A6001%2F => generated 221 bytes in 77 msecs (HTTP/1.0 302) 4 headers in 345 bytes (1 switches on core 1)
[pid: 16273|app: 0|req: 10/12] 127.0.0.1 () {38 vars in 906 bytes} [Tue Jun 26 19:32:24 2018] GET /login/ => generated 6193 bytes in 5 msecs (HTTP/1.0 200) 3 headers in 232 bytes (1 switches on core 0)
[pid: 16273|app: 0|req: 11/13] 127.0.0.1 () {30 vars in 538 bytes} [Tue Jun 26 19:55:20 2018] GET /home => generated 614 bytes in 3 msecs (HTTP/1.0 404) 2 headers in 87 bytes (1 switches on core 1)
[pid: 16274|app: 0|req: 3/14] 127.0.0.1 () {32 vars in 553 bytes} [Tue Jun 26 19:55:48 2018] GET /home => generated 614 bytes in 21 msecs (HTTP/1.0 404) 2 headers in 87 bytes (1 switches on core 0)
[pid: 16273|app: 0|req: 12/15] 127.0.0.1 () {34 vars in 589 bytes} [Tue Jun 26 19:56:22 2018] GET /home => generated 614 bytes in 2 msecs (HTTP/1.0 404) 2 headers in 87 bytes (1 switches on core 1)
[pid: 16274|app: 0|req: 4/16] 127.0.0.1 () {32 vars in 588 bytes} [Tue Jun 26 20:10:40 2018] GET / => generated 297 bytes in 2 msecs (HTTP/1.0 302) 3 headers in 161 bytes (1 switches on core 1)
Tue Jun 26 20:10:41 2018 - SIGPIPE: writing to a closed pipe/socket/fd (probably the client disconnected) !!!
Traceback (most recent call last):
  File "/home/ubuntu/.virtualenvs/FlaskShare/lib/python3.6/site-packages/pymysql/connections.py", line 1039, in _write_bytes
    self._sock.sendall(data)
BrokenPipeError: [Errno 32] Broken pipe

During handling of the above exception, another exception occurred:

Traceback (most recent call last):
  File "/home/ubuntu/.virtualenvs/FlaskShare/lib/python3.6/site-packages/sqlalchemy/engine/base.py", line 721, in _commit_impl
    self.engine.dialect.do_commit(self.connection)
  File "/home/ubuntu/.virtualenvs/FlaskShare/lib/python3.6/site-packages/sqlalchemy/dialects/mysql/base.py", line 1596, in do_commit
    dbapi_connection.commit()
  File "/home/ubuntu/.virtualenvs/FlaskShare/lib/python3.6/site-packages/pymysql/connections.py", line 787, in commit
    self._execute_command(COMMAND.COM_QUERY, "COMMIT")
  File "/home/ubuntu/.virtualenvs/FlaskShare/lib/python3.6/site-packages/pymysql/connections.py", line 1092, in _execute_command
    self._write_bytes(packet)
  File "/home/ubuntu/.virtualenvs/FlaskShare/lib/python3.6/site-packages/pymysql/connections.py", line 1044, in _write_bytes
    "MySQL server has gone away (%r)" % (e,))
pymysql.err.OperationalError: (2006, "MySQL server has gone away (BrokenPipeError(32, 'Broken pipe'))")

The above exception was the direct cause of the following exception:

Traceback (most recent call last):
  File "/home/ubuntu/.virtualenvs/FlaskShare/lib/python3.6/site-packages/flask/app.py", line 1997, in __call__
    return self.wsgi_app(environ, start_response)
  File "/home/ubuntu/.virtualenvs/FlaskShare/lib/python3.6/site-packages/flask/app.py", line 1993, in wsgi_app
    ctx.auto_pop(error)
  File "/home/ubuntu/.virtualenvs/FlaskShare/lib/python3.6/site-packages/flask/ctx.py", line 387, in auto_pop
    self.pop(exc)
  File "/home/ubuntu/.virtualenvs/FlaskShare/lib/python3.6/site-packages/flask/ctx.py", line 376, in pop
    app_ctx.pop(exc)
  File "/home/ubuntu/.virtualenvs/FlaskShare/lib/python3.6/site-packages/flask/ctx.py", line 189, in pop
    self.app.do_teardown_appcontext(exc)
  File "/home/ubuntu/.virtualenvs/FlaskShare/lib/python3.6/site-packages/flask/app.py", line 1892, in do_teardown_appcontext
    func(exc)
  File "/home/ubuntu/.virtualenvs/FlaskShare/lib/python3.6/site-packages/flask_sqlalchemy/__init__.py", line 805, in shutdown_session
    self.session.commit()
  File "/home/ubuntu/.virtualenvs/FlaskShare/lib/python3.6/site-packages/sqlalchemy/orm/scoping.py", line 157, in do
    return getattr(self.registry(), name)(*args, **kwargs)
  File "/home/ubuntu/.virtualenvs/FlaskShare/lib/python3.6/site-packages/sqlalchemy/orm/session.py", line 921, in commit
    self.transaction.commit()
  File "/home/ubuntu/.virtualenvs/FlaskShare/lib/python3.6/site-packages/sqlalchemy/orm/session.py", line 465, in commit
    t[1].commit()
  File "/home/ubuntu/.virtualenvs/FlaskShare/lib/python3.6/site-packages/sqlalchemy/engine/base.py", line 1632, in commit
    self._do_commit()
  File "/home/ubuntu/.virtualenvs/FlaskShare/lib/python3.6/site-packages/sqlalchemy/engine/base.py", line 1663, in _do_commit
    self.connection._commit_impl()
  File "/home/ubuntu/.virtualenvs/FlaskShare/lib/python3.6/site-packages/sqlalchemy/engine/base.py", line 723, in _commit_impl
    self._handle_dbapi_exception(e, None, None, None, None)
  File "/home/ubuntu/.virtualenvs/FlaskShare/lib/python3.6/site-packages/sqlalchemy/engine/base.py", line 1402, in _handle_dbapi_exception
    exc_info
  File "/home/ubuntu/.virtualenvs/FlaskShare/lib/python3.6/site-packages/sqlalchemy/util/compat.py", line 203, in raise_from_cause
    reraise(type(exception), exception, tb=exc_tb, cause=cause)
  File "/home/ubuntu/.virtualenvs/FlaskShare/lib/python3.6/site-packages/sqlalchemy/util/compat.py", line 186, in reraise
    raise value.with_traceback(tb)
  File "/home/ubuntu/.virtualenvs/FlaskShare/lib/python3.6/site-packages/sqlalchemy/engine/base.py", line 721, in _commit_impl
    self.engine.dialect.do_commit(self.connection)
  File "/home/ubuntu/.virtualenvs/FlaskShare/lib/python3.6/site-packages/sqlalchemy/dialects/mysql/base.py", line 1596, in do_commit
    dbapi_connection.commit()
  File "/home/ubuntu/.virtualenvs/FlaskShare/lib/python3.6/site-packages/pymysql/connections.py", line 787, in commit
    self._execute_command(COMMAND.COM_QUERY, "COMMIT")
  File "/home/ubuntu/.virtualenvs/FlaskShare/lib/python3.6/site-packages/pymysql/connections.py", line 1092, in _execute_command
    self._write_bytes(packet)
  File "/home/ubuntu/.virtualenvs/FlaskShare/lib/python3.6/site-packages/pymysql/connections.py", line 1044, in _write_bytes
    "MySQL server has gone away (%r)" % (e,))
sqlalchemy.exc.OperationalError: (pymysql.err.OperationalError) (2006, "MySQL server has gone away (BrokenPipeError(32, 'Broken pipe'))")
[pid: 16275|app: 0|req: 1/17] 127.0.0.1 () {32 vars in 675 bytes} [Tue Jun 26 20:10:41 2018] GET /login/?next=http%3A%2F%2F127.0.0.1%3A6001%2F => generated 0 bytes in 57 msecs (HTTP/1.0 200) 3 headers in 232 bytes (0 switches on core 0)
[pid: 16274|app: 0|req: 5/18] 127.0.0.1 () {32 vars in 604 bytes} [Tue Jun 26 23:51:38 2018] GET / => generated 297 bytes in 2 msecs (HTTP/1.0 302) 3 headers in 161 bytes (1 switches on core 1)
[pid: 16273|app: 0|req: 13/19] 127.0.0.1 () {32 vars in 691 bytes} [Tue Jun 26 23:51:39 2018] GET /login/?next=http%3A%2F%2F127.0.0.1%3A6001%2F => generated 6116 bytes in 4 msecs (HTTP/1.0 200) 3 headers in 232 bytes (1 switches on core 0)
[pid: 16273|app: 0|req: 14/20] 127.0.0.1 () {28 vars in 360 bytes} [Fri Jun 29 17:56:42 2018] GET / => generated 297 bytes in 3 msecs (HTTP/1.0 302) 3 headers in 161 bytes (1 switches on core 1)
[pid: 16274|app: 0|req: 6/21] 127.0.0.1 () {30 vars in 487 bytes} [Fri Jun 29 17:56:42 2018] GET /login/?next=http%3A%2F%2F127.0.0.1%3A6001%2F => generated 6116 bytes in 56 msecs (HTTP/1.0 200) 3 headers in 232 bytes (1 switches on core 1)
[pid: 16275|app: 0|req: 2/22] 127.0.0.1 () {28 vars in 360 bytes} [Fri Jun 29 17:56:43 2018] GET / => generated 297 bytes in 4 msecs (HTTP/1.0 302) 3 headers in 161 bytes (1 switches on core 1)
[pid: 16273|app: 0|req: 15/23] 127.0.0.1 () {30 vars in 487 bytes} [Fri Jun 29 17:56:43 2018] GET /login/?next=http%3A%2F%2F127.0.0.1%3A6001%2F => generated 6116 bytes in 9 msecs (HTTP/1.0 200) 3 headers in 232 bytes (1 switches on core 0)
[pid: 16273|app: 0|req: 16/24] 127.0.0.1 () {32 vars in 575 bytes} [Fri Jun 29 17:57:13 2018] GET / => generated 297 bytes in 2 msecs (HTTP/1.0 302) 3 headers in 161 bytes (1 switches on core 1)
[pid: 16275|app: 0|req: 3/25] 127.0.0.1 () {32 vars in 662 bytes} [Fri Jun 29 17:57:13 2018] GET /login/?next=http%3A%2F%2F127.0.0.1%3A6001%2F => generated 6116 bytes in 6 msecs (HTTP/1.0 200) 3 headers in 232 bytes (1 switches on core 0)
[pid: 16273|app: 0|req: 17/26] 127.0.0.1 () {44 vars in 1020 bytes} [Fri Jun 29 17:57:38 2018] POST /login/?next=http%3A%2F%2F127.0.0.1%3A6001%2F => generated 211 bytes in 114 msecs (HTTP/1.0 302) 4 headers in 305 bytes (1 switches on core 1)
{}
[pid: 16275|app: 0|req: 4/27] 127.0.0.1 () {38 vars in 862 bytes} [Fri Jun 29 17:57:38 2018] GET /1 => generated 49357 bytes in 269 msecs (HTTP/1.0 200) 2 headers in 82 bytes (1 switches on core 1)
[pid: 16273|app: 0|req: 18/28] 127.0.0.1 () {28 vars in 450 bytes} [Fri Jun 29 17:57:42 2018] GET / => generated 297 bytes in 2 msecs (HTTP/1.0 302) 3 headers in 161 bytes (1 switches on core 0)
Fri Jun 29 17:57:42 2018 - SIGPIPE: writing to a closed pipe/socket/fd (probably the client disconnected) !!!
Traceback (most recent call last):
  File "/home/ubuntu/.virtualenvs/FlaskShare/lib/python3.6/site-packages/pymysql/connections.py", line 1039, in _write_bytes
    self._sock.sendall(data)
BrokenPipeError: [Errno 32] Broken pipe

During handling of the above exception, another exception occurred:

Traceback (most recent call last):
  File "/home/ubuntu/.virtualenvs/FlaskShare/lib/python3.6/site-packages/sqlalchemy/engine/base.py", line 721, in _commit_impl
    self.engine.dialect.do_commit(self.connection)
  File "/home/ubuntu/.virtualenvs/FlaskShare/lib/python3.6/site-packages/sqlalchemy/dialects/mysql/base.py", line 1596, in do_commit
    dbapi_connection.commit()
  File "/home/ubuntu/.virtualenvs/FlaskShare/lib/python3.6/site-packages/pymysql/connections.py", line 787, in commit
    self._execute_command(COMMAND.COM_QUERY, "COMMIT")
  File "/home/ubuntu/.virtualenvs/FlaskShare/lib/python3.6/site-packages/pymysql/connections.py", line 1092, in _execute_command
    self._write_bytes(packet)
  File "/home/ubuntu/.virtualenvs/FlaskShare/lib/python3.6/site-packages/pymysql/connections.py", line 1044, in _write_bytes
    "MySQL server has gone away (%r)" % (e,))
pymysql.err.OperationalError: (2006, "MySQL server has gone away (BrokenPipeError(32, 'Broken pipe'))")

The above exception was the direct cause of the following exception:

Traceback (most recent call last):
  File "/home/ubuntu/.virtualenvs/FlaskShare/lib/python3.6/site-packages/flask/app.py", line 1997, in __call__
    return self.wsgi_app(environ, start_response)
  File "/home/ubuntu/.virtualenvs/FlaskShare/lib/python3.6/site-packages/flask/app.py", line 1993, in wsgi_app
    ctx.auto_pop(error)
  File "/home/ubuntu/.virtualenvs/FlaskShare/lib/python3.6/site-packages/flask/ctx.py", line 387, in auto_pop
    self.pop(exc)
  File "/home/ubuntu/.virtualenvs/FlaskShare/lib/python3.6/site-packages/flask/ctx.py", line 376, in pop
    app_ctx.pop(exc)
  File "/home/ubuntu/.virtualenvs/FlaskShare/lib/python3.6/site-packages/flask/ctx.py", line 189, in pop
    self.app.do_teardown_appcontext(exc)
  File "/home/ubuntu/.virtualenvs/FlaskShare/lib/python3.6/site-packages/flask/app.py", line 1892, in do_teardown_appcontext
    func(exc)
  File "/home/ubuntu/.virtualenvs/FlaskShare/lib/python3.6/site-packages/flask_sqlalchemy/__init__.py", line 805, in shutdown_session
    self.session.commit()
  File "/home/ubuntu/.virtualenvs/FlaskShare/lib/python3.6/site-packages/sqlalchemy/orm/scoping.py", line 157, in do
    return getattr(self.registry(), name)(*args, **kwargs)
  File "/home/ubuntu/.virtualenvs/FlaskShare/lib/python3.6/site-packages/sqlalchemy/orm/session.py", line 921, in commit
    self.transaction.commit()
  File "/home/ubuntu/.virtualenvs/FlaskShare/lib/python3.6/site-packages/sqlalchemy/orm/session.py", line 465, in commit
    t[1].commit()
  File "/home/ubuntu/.virtualenvs/FlaskShare/lib/python3.6/site-packages/sqlalchemy/engine/base.py", line 1632, in commit
    self._do_commit()
  File "/home/ubuntu/.virtualenvs/FlaskShare/lib/python3.6/site-packages/sqlalchemy/engine/base.py", line 1663, in _do_commit
    self.connection._commit_impl()
  File "/home/ubuntu/.virtualenvs/FlaskShare/lib/python3.6/site-packages/sqlalchemy/engine/base.py", line 723, in _commit_impl
    self._handle_dbapi_exception(e, None, None, None, None)
  File "/home/ubuntu/.virtualenvs/FlaskShare/lib/python3.6/site-packages/sqlalchemy/engine/base.py", line 1402, in _handle_dbapi_exception
    exc_info
  File "/home/ubuntu/.virtualenvs/FlaskShare/lib/python3.6/site-packages/sqlalchemy/util/compat.py", line 203, in raise_from_cause
    reraise(type(exception), exception, tb=exc_tb, cause=cause)
  File "/home/ubuntu/.virtualenvs/FlaskShare/lib/python3.6/site-packages/sqlalchemy/util/compat.py", line 186, in reraise
    raise value.with_traceback(tb)
  File "/home/ubuntu/.virtualenvs/FlaskShare/lib/python3.6/site-packages/sqlalchemy/engine/base.py", line 721, in _commit_impl
    self.engine.dialect.do_commit(self.connection)
  File "/home/ubuntu/.virtualenvs/FlaskShare/lib/python3.6/site-packages/sqlalchemy/dialects/mysql/base.py", line 1596, in do_commit
    dbapi_connection.commit()
  File "/home/ubuntu/.virtualenvs/FlaskShare/lib/python3.6/site-packages/pymysql/connections.py", line 787, in commit
    self._execute_command(COMMAND.COM_QUERY, "COMMIT")
  File "/home/ubuntu/.virtualenvs/FlaskShare/lib/python3.6/site-packages/pymysql/connections.py", line 1092, in _execute_command
    self._write_bytes(packet)
  File "/home/ubuntu/.virtualenvs/FlaskShare/lib/python3.6/site-packages/pymysql/connections.py", line 1044, in _write_bytes
    "MySQL server has gone away (%r)" % (e,))
sqlalchemy.exc.OperationalError: (pymysql.err.OperationalError) (2006, "MySQL server has gone away (BrokenPipeError(32, 'Broken pipe'))")
[pid: 16269|app: 0|req: 1/29] 127.0.0.1 () {30 vars in 577 bytes} [Fri Jun 29 17:57:42 2018] GET /login/?next=http%3A%2F%2F127.0.0.1%3A6001%2F => generated 0 bytes in 88 msecs (HTTP/1.0 200) 3 headers in 232 bytes (0 switches on core 0)
[pid: 16273|app: 0|req: 19/30] 127.0.0.1 () {30 vars in 483 bytes} [Fri Jun 29 18:14:14 2018] GET / => generated 297 bytes in 2 msecs (HTTP/1.0 302) 3 headers in 161 bytes (1 switches on core 1)
[pid: 16275|app: 0|req: 5/31] 127.0.0.1 () {32 vars in 610 bytes} [Fri Jun 29 18:14:19 2018] GET /login/?next=http%3A%2F%2F127.0.0.1%3A6001%2F => generated 6116 bytes in 5 msecs (HTTP/1.0 200) 3 headers in 232 bytes (1 switches on core 0)
Gracefully killing worker 4 (pid: 16275)...
Gracefully killing worker 3 (pid: 16274)...
Gracefully killing worker 2 (pid: 16273)...
Gracefully killing worker 1 (pid: 16269)...
